  [1m[35m (1.2ms)[0m  [1m[35mCREATE DATABASE "launcher_news_development" ENCODING = 'unicode'[0m
  [1m[35m (0.5ms)[0m  [1m[35mCREATE DATABASE "launcher_news_test" ENCODING = 'unicode'[0m
  [1m[35m (0.7ms)[0m  [1m[34mSELECT "schema_migrations"."version" FROM "schema_migrations" ORDER BY "schema_migrations"."version" ASC[0m
  [1m[35m (0.4ms)[0m  [1m[34mSELECT "ar_internal_metadata"."value" FROM "ar_internal_metadata" WHERE "ar_internal_metadata"."key" = $1[0m  [["key", "environment"]]
  [1m[35m (0.2ms)[0m  [1m[34mSELECT "schema_migrations"."version" FROM "schema_migrations" ORDER BY "schema_migrations"."version" ASC[0m
  [1m[35m (0.2ms)[0m  [1m[34mSELECT "ar_internal_metadata"."value" FROM "ar_internal_metadata" WHERE "ar_internal_metadata"."key" = $1[0m  [["key", "environment"]]
  [1m[35m (0.2ms)[0m  [1m[34mSELECT "schema_migrations"."version" FROM "schema_migrations" ORDER BY "schema_migrations"."version" ASC[0m
  [1m[35m (0.2ms)[0m  [1m[34mSELECT "ar_internal_metadata"."value" FROM "ar_internal_metadata" WHERE "ar_internal_metadata"."key" = $1[0m  [["key", "environment"]]
  [1m[35mSQL (1.0ms)[0m  [1m[35mCREATE EXTENSION IF NOT EXISTS "plpgsql"[0m
  [1m[35m (8.4ms)[0m  [1m[35mDROP TABLE IF EXISTS "articles" CASCADE[0m
  [1m[35m (7.1ms)[0m  [1m[35mCREATE TABLE "articles" ("id" bigserial primary key, "title" character varying NOT NULL, "url" text NOT NULL, "description" text, "created_at" timestamp NOT NULL, "updated_at" timestamp NOT NULL)[0m
  [1m[35m (1.2ms)[0m  [1m[34mSELECT "schema_migrations"."version" FROM "schema_migrations" ORDER BY "schema_migrations"."version" ASC[0m
  [1m[35m (0.7ms)[0m  [1m[32mINSERT INTO "schema_migrations" (version) VALUES (20170405142139)[0m
  [1m[36mActiveRecord::InternalMetadata Load (0.5ms)[0m  [1m[34mSELECT  "ar_internal_metadata".* FROM "ar_internal_metadata" WHERE "ar_internal_metadata"."key" = $1 LIMIT $2[0m  [["key", "environment"], ["LIMIT", 1]]
  [1m[35m (0.2ms)[0m  [1m[35mBEGIN[0m
  [1m[35m (0.2ms)[0m  [1m[35mCOMMIT[0m
  [1m[36mActiveRecord::InternalMetadata Load (0.4ms)[0m  [1m[34mSELECT  "ar_internal_metadata".* FROM "ar_internal_metadata" WHERE "ar_internal_metadata"."key" = $1 LIMIT $2[0m  [["key", "environment"], ["LIMIT", 1]]
  [1m[35m (0.1ms)[0m  [1m[35mBEGIN[0m
  [1m[35m (0.1ms)[0m  [1m[35mCOMMIT[0m
  [1m[35mSQL (1.9ms)[0m  [1m[35mCREATE EXTENSION IF NOT EXISTS "plpgsql"[0m
  [1m[35m (0.4ms)[0m  [1m[35mDROP TABLE IF EXISTS "articles" CASCADE[0m
  [1m[35m (24.8ms)[0m  [1m[35mCREATE TABLE "articles" ("id" bigserial primary key, "title" character varying NOT NULL, "url" text NOT NULL, "description" text, "created_at" timestamp NOT NULL, "updated_at" timestamp NOT NULL)[0m
  [1m[35m (4.4ms)[0m  [1m[35mCREATE TABLE "schema_migrations" ("version" character varying NOT NULL PRIMARY KEY)[0m
  [1m[35m (1.0ms)[0m  [1m[34mSELECT "schema_migrations"."version" FROM "schema_migrations" ORDER BY "schema_migrations"."version" ASC[0m
  [1m[35m (0.6ms)[0m  [1m[32mINSERT INTO "schema_migrations" (version) VALUES (20170405142139)[0m
  [1m[35m (2.9ms)[0m  [1m[35mCREATE TABLE "ar_internal_metadata" ("key" character varying NOT NULL PRIMARY KEY, "value" character varying, "created_at" timestamp NOT NULL, "updated_at" timestamp NOT NULL)[0m
  [1m[36mActiveRecord::InternalMetadata Load (0.6ms)[0m  [1m[34mSELECT  "ar_internal_metadata".* FROM "ar_internal_metadata" WHERE "ar_internal_metadata"."key" = $1 LIMIT $2[0m  [["key", "environment"], ["LIMIT", 1]]
  [1m[35m (0.2ms)[0m  [1m[35mBEGIN[0m
  [1m[36mActiveRecord::InternalMetadata Create (0.7ms)[0m  [1m[32mINSERT INTO "ar_internal_metadata" ("key", "value", "created_at", "updated_at") VALUES ($1, $2, $3, $4) RETURNING "key"[0m  [["key", "environment"], ["value", "development"], ["created_at", "2019-10-06 19:16:27.477107"], ["updated_at", "2019-10-06 19:16:27.477107"]]
  [1m[35m (0.4ms)[0m  [1m[35mCOMMIT[0m
  [1m[36mActiveRecord::InternalMetadata Load (0.4ms)[0m  [1m[34mSELECT  "ar_internal_metadata".* FROM "ar_internal_metadata" WHERE "ar_internal_metadata"."key" = $1 LIMIT $2[0m  [["key", "environment"], ["LIMIT", 1]]
  [1m[35m (0.2ms)[0m  [1m[35mBEGIN[0m
  [1m[36mActiveRecord::InternalMetadata Update (0.4ms)[0m  [1m[33mUPDATE "ar_internal_metadata" SET "value" = $1, "updated_at" = $2 WHERE "ar_internal_metadata"."key" = $3[0m  [["value", "test"], ["updated_at", "2019-10-06 19:16:27.481855"], ["key", "environment"]]
  [1m[35m (0.6ms)[0m  [1m[35mCOMMIT[0m
  [1m[35m (1.1ms)[0m  [1m[34mSELECT "schema_migrations"."version" FROM "schema_migrations" ORDER BY "schema_migrations"."version" ASC[0m
  [1m[36mArticle Load (0.4ms)[0m  [1m[34mSELECT  "articles".* FROM "articles" WHERE "articles"."title" = $1 LIMIT $2[0m  [["title", "Why does Ember.js rock?"], ["LIMIT", 1]]
  [1m[35m (0.2ms)[0m  [1m[35mBEGIN[0m
  [1m[36mArticle Create (1.1ms)[0m  [1m[32mINSERT INTO "articles" ("title", "url", "description", "created_at", "updated_at") VALUES ($1, $2, $3, $4, $5) RETURNING "id"[0m  [["title", "Why does Ember.js rock?"], ["url", "https://kerricklong.com/articles/why-ember-js-rocks.html"], ["description", "Ember.js is a MVC (Model – View – Controller) JavaScript framework which is maintained by the Ember Core Team (including Tom Dale, Yehuda Katz, and others). It helps developers create ambitious single-page web applications that don't sacrifice what makes the web great: URI semantics, RESTful architecture, and the write-once, run-anywhere trio of HTML, CSS, and JavaScript."], ["created_at", "2019-10-06 19:16:27.522875"], ["updated_at", "2019-10-06 19:16:27.522875"]]
  [1m[35m (0.4ms)[0m  [1m[35mCOMMIT[0m
  [1m[36mArticle Load (0.2ms)[0m  [1m[34mSELECT  "articles".* FROM "articles" WHERE "articles"."title" = $1 LIMIT $2[0m  [["title", "Mozilla Playdoh"], ["LIMIT", 1]]
  [1m[35m (0.1ms)[0m  [1m[35mBEGIN[0m
  [1m[36mArticle Create (0.4ms)[0m  [1m[32mINSERT INTO "articles" ("title", "url", "description", "created_at", "updated_at") VALUES ($1, $2, $3, $4, $5) RETURNING "id"[0m  [["title", "Mozilla Playdoh"], ["url", "http://playdoh.readthedocs.org/en/latest/"], ["description", "Mozilla's Playdoh is a web application template based on Django. Django is a high-level Python Web framework that encourages rapid development and clean, pragmatic design. Playdoh is simply a pre-configured Django project that adds some essential modules and middleware."], ["created_at", "2019-10-06 19:16:27.526394"], ["updated_at", "2019-10-06 19:16:27.526394"]]
  [1m[35m (0.3ms)[0m  [1m[35mCOMMIT[0m
  [1m[36mArticle Load (0.2ms)[0m  [1m[34mSELECT  "articles".* FROM "articles" WHERE "articles"."title" = $1 LIMIT $2[0m  [["title", "Gigablast Search Engine, Now Open Source (C/C++)"], ["LIMIT", 1]]
  [1m[35m (0.1ms)[0m  [1m[35mBEGIN[0m
  [1m[36mArticle Create (0.3ms)[0m  [1m[32mINSERT INTO "articles" ("title", "url", "description", "created_at", "updated_at") VALUES ($1, $2, $3, $4, $5) RETURNING "id"[0m  [["title", "Gigablast Search Engine, Now Open Source (C/C++)"], ["url", "https://www.gigablast.com/"], ["description", "Gigablast is the first truly transparent search engine. It tells you exactly why the search results are ranked the way they are. There is nothing left to the imagination."], ["created_at", "2019-10-06 19:16:27.528641"], ["updated_at", "2019-10-06 19:16:27.528641"]]
  [1m[35m (0.3ms)[0m  [1m[35mCOMMIT[0m
  [1m[36mArticle Load (0.2ms)[0m  [1m[34mSELECT  "articles".* FROM "articles" WHERE "articles"."title" = $1 LIMIT $2[0m  [["title", "Node.js Deployments with Docker, Dokku, & Digital Ocean"], ["LIMIT", 1]]
  [1m[35m (0.1ms)[0m  [1m[35mBEGIN[0m
  [1m[36mArticle Create (0.2ms)[0m  [1m[32mINSERT INTO "articles" ("title", "url", "description", "created_at", "updated_at") VALUES ($1, $2, $3, $4, $5) RETURNING "id"[0m  [["title", "Node.js Deployments with Docker, Dokku, & Digital Ocean"], ["url", "https://medium.com/code-adventures/438bce155dcb"], ["description", "DigitalOcean is a really nice cloud hosting company that offers excellent performance at affordable rates. Docker is an abstraction on top of LXC Containers. Docker introduces a workflow that makes operating containers straightforward and lots of fun. If you want to learn more about docker I suggest you read this article. Dokku is a tiny program that allows you to easily deploy your applications. It was built by progrium (from localtunnel) on top of docker, Buildstep, gitreceive, pluginhook, nginx, Heroku BuildPacks,& sshcommand."], ["created_at", "2019-10-06 19:16:27.530598"], ["updated_at", "2019-10-06 19:16:27.530598"]]
  [1m[35m (0.3ms)[0m  [1m[35mCOMMIT[0m
  [1m[36mArticle Load (0.2ms)[0m  [1m[34mSELECT  "articles".* FROM "articles" WHERE "articles"."title" = $1 LIMIT $2[0m  [["title", "Build a Blog Engine in Go"], ["LIMIT", 1]]
  [1m[35m (0.1ms)[0m  [1m[35mBEGIN[0m
  [1m[36mArticle Create (0.3ms)[0m  [1m[32mINSERT INTO "articles" ("title", "url", "description", "created_at", "updated_at") VALUES ($1, $2, $3, $4, $5) RETURNING "id"[0m  [["title", "Build a Blog Engine in Go"], ["url", "http://0value.com/build-a-blog-engine-in-Go"], ["description", "A static blog generator in Go. It’s called trofaf because that’s its name. Get this: it takes markdown files, reads some YAML front matter, and generates good ol’ HTML files. I can already smell the Nobel. Anyway, the goal of this post is not to brag about the novelty of the thing, but to show how easy it is to get this done with Go’s rich standard library and some fine userland packages."], ["created_at", "2019-10-06 19:16:27.532563"], ["updated_at", "2019-10-06 19:16:27.532563"]]
  [1m[35m (0.3ms)[0m  [1m[35mCOMMIT[0m
Started GET "/articles" for 127.0.0.1 at 2019-10-06 15:17:30 -0400
  [1m[35m (1.3ms)[0m  [1m[34mSELECT "schema_migrations"."version" FROM "schema_migrations" ORDER BY "schema_migrations"."version" ASC[0m
Processing by ArticlesController#index as HTML
  Rendering articles/index.html.erb within layouts/application
  [1m[36mArticle Load (0.7ms)[0m  [1m[34mSELECT "articles".* FROM "articles"[0m
  Rendered articles/index.html.erb within layouts/application (15.1ms)
Completed 200 OK in 413ms (Views: 401.1ms | ActiveRecord: 6.2ms)


Started GET "/articles/1" for 127.0.0.1 at 2019-10-06 15:17:57 -0400
Processing by ArticlesController#show as HTML
  Parameters: {"id"=>"1"}
  [1m[36mArticle Load (0.6ms)[0m  [1m[34mSELECT  "articles".* FROM "articles" WHERE "articles"."id" = $1 LIMIT $2[0m  [["id", 1], ["LIMIT", 1]]
  Rendering articles/show.html.erb within layouts/application
  Rendered articles/show.html.erb within layouts/application (2.9ms)
Completed 200 OK in 40ms (Views: 30.6ms | ActiveRecord: 0.9ms)


Started GET "/articles/new" for 127.0.0.1 at 2019-10-06 15:18:01 -0400
Processing by ArticlesController#new as HTML
  Rendering articles/new.html.erb within layouts/application
  Rendered articles/new.html.erb within layouts/application (27.2ms)
Completed 200 OK in 53ms (Views: 48.2ms | ActiveRecord: 0.0ms)


Started GET "/" for 127.0.0.1 at 2019-10-06 15:18:04 -0400
Processing by ArticlesController#index as HTML
  Rendering articles/index.html.erb within layouts/application
  [1m[36mArticle Load (0.4ms)[0m  [1m[34mSELECT "articles".* FROM "articles"[0m
  Rendered articles/index.html.erb within layouts/application (1.5ms)
Completed 200 OK in 18ms (Views: 15.5ms | ActiveRecord: 0.4ms)


Started GET "/articles/5" for 127.0.0.1 at 2019-10-06 15:18:07 -0400
Processing by ArticlesController#show as HTML
  Parameters: {"id"=>"5"}
  [1m[36mArticle Load (0.4ms)[0m  [1m[34mSELECT  "articles".* FROM "articles" WHERE "articles"."id" = $1 LIMIT $2[0m  [["id", 5], ["LIMIT", 1]]
  Rendering articles/show.html.erb within layouts/application
  Rendered articles/show.html.erb within layouts/application (0.9ms)
Completed 200 OK in 16ms (Views: 13.3ms | ActiveRecord: 0.4ms)


Started GET "/articles/search?utf8=%E2%9C%93&query=jh&commit=Search" for 127.0.0.1 at 2019-10-06 15:18:12 -0400
Processing by ArticlesController#search as HTML
  Parameters: {"utf8"=>"✓", "query"=>"jh", "commit"=>"Search"}
  Rendering articles/search.html.erb within layouts/application
  [1m[36mArticle Exists (3.0ms)[0m  [1m[34mSELECT  1 AS one FROM "articles" WHERE (title ilike '%jh%' or description ilike '%jh%' or url ilike '%jh%') LIMIT $1[0m  [["LIMIT", 1]]
  Rendered articles/search.html.erb within layouts/application (4.3ms)
Completed 200 OK in 31ms (Views: 25.1ms | ActiveRecord: 3.0ms)


Started GET "/articles/search?utf8=%E2%9C%93&query=jhlkjhkh&commit=Search" for 127.0.0.1 at 2019-10-06 15:18:22 -0400
Processing by ArticlesController#search as HTML
  Parameters: {"utf8"=>"✓", "query"=>"jhlkjhkh", "commit"=>"Search"}
  Rendering articles/search.html.erb within layouts/application
  [1m[36mArticle Exists (0.9ms)[0m  [1m[34mSELECT  1 AS one FROM "articles" WHERE (title ilike '%jhlkjhkh%' or description ilike '%jhlkjhkh%' or url ilike '%jhlkjhkh%') LIMIT $1[0m  [["LIMIT", 1]]
  Rendered articles/search.html.erb within layouts/application (2.4ms)
Completed 200 OK in 23ms (Views: 19.8ms | ActiveRecord: 0.9ms)


Started GET "/articles/1" for 127.0.0.1 at 2019-10-06 15:18:27 -0400
Processing by ArticlesController#show as HTML
  Parameters: {"id"=>"1"}
  [1m[36mArticle Load (0.6ms)[0m  [1m[34mSELECT  "articles".* FROM "articles" WHERE "articles"."id" = $1 LIMIT $2[0m  [["id", 1], ["LIMIT", 1]]
  Rendering articles/show.html.erb within layouts/application
  Rendered articles/show.html.erb within layouts/application (0.9ms)
Completed 200 OK in 18ms (Views: 13.9ms | ActiveRecord: 0.6ms)


Started GET "/articles" for 127.0.0.1 at 2019-10-06 15:18:33 -0400
Processing by ArticlesController#index as HTML
  Rendering articles/index.html.erb within layouts/application
  [1m[36mArticle Load (0.4ms)[0m  [1m[34mSELECT "articles".* FROM "articles"[0m
  Rendered articles/index.html.erb within layouts/application (1.5ms)
Completed 200 OK in 19ms (Views: 16.6ms | ActiveRecord: 0.4ms)


Started GET "/articles/2" for 127.0.0.1 at 2019-10-06 15:19:27 -0400
Processing by ArticlesController#show as HTML
  Parameters: {"id"=>"2"}
  [1m[36mArticle Load (0.4ms)[0m  [1m[34mSELECT  "articles".* FROM "articles" WHERE "articles"."id" = $1 LIMIT $2[0m  [["id", 2], ["LIMIT", 1]]
  Rendering articles/show.html.erb within layouts/application
  Rendered articles/show.html.erb within layouts/application (1.9ms)
Completed 200 OK in 20ms (Views: 16.9ms | ActiveRecord: 0.4ms)


