  [1m[35m (445.7ms)[0m  [1m[35mCREATE DATABASE "launcher_news_rails_requests_development" ENCODING = 'unicode'[0m
  [1m[35m (329.6ms)[0m  [1m[35mCREATE DATABASE "launcher_news_rails_requests_test" ENCODING = 'unicode'[0m
  [1m[35mSQL (0.5ms)[0m  [1m[35mCREATE EXTENSION IF NOT EXISTS "plpgsql"[0m
  [1m[35m (0.2ms)[0m  [1m[35mDROP TABLE IF EXISTS "articles" CASCADE[0m
  [1m[35m (20.4ms)[0m  [1m[35mCREATE TABLE "articles" ("id" bigserial primary key, "title" character varying NOT NULL, "url" text NOT NULL, "description" text, "created_at" timestamp NOT NULL, "updated_at" timestamp NOT NULL)[0m
  [1m[35m (4.9ms)[0m  [1m[35mCREATE TABLE "schema_migrations" ("version" character varying NOT NULL PRIMARY KEY)[0m
  [1m[35m (0.7ms)[0m  [1m[34mSELECT "schema_migrations"."version" FROM "schema_migrations" ORDER BY "schema_migrations"."version" ASC[0m
  [1m[35m (0.7ms)[0m  [1m[32mINSERT INTO "schema_migrations" (version) VALUES (20170405142139)[0m
  [1m[35m (3.8ms)[0m  [1m[35mCREATE TABLE "ar_internal_metadata" ("key" character varying NOT NULL PRIMARY KEY, "value" character varying, "created_at" timestamp NOT NULL, "updated_at" timestamp NOT NULL)[0m
  [1m[36mActiveRecord::InternalMetadata Load (0.5ms)[0m  [1m[34mSELECT  "ar_internal_metadata".* FROM "ar_internal_metadata" WHERE "ar_internal_metadata"."key" = $1 LIMIT $2[0m  [["key", "environment"], ["LIMIT", 1]]
  [1m[35m (0.2ms)[0m  [1m[35mBEGIN[0m
  [1m[36mActiveRecord::InternalMetadata Create (0.6ms)[0m  [1m[32mINSERT INTO "ar_internal_metadata" ("key", "value", "created_at", "updated_at") VALUES ($1, $2, $3, $4) RETURNING "key"[0m  [["key", "environment"], ["value", "development"], ["created_at", "2019-10-06 20:26:54.680866"], ["updated_at", "2019-10-06 20:26:54.680866"]]
  [1m[35m (0.4ms)[0m  [1m[35mCOMMIT[0m
  [1m[36mActiveRecord::InternalMetadata Load (0.3ms)[0m  [1m[34mSELECT  "ar_internal_metadata".* FROM "ar_internal_metadata" WHERE "ar_internal_metadata"."key" = $1 LIMIT $2[0m  [["key", "environment"], ["LIMIT", 1]]
  [1m[35m (0.1ms)[0m  [1m[35mBEGIN[0m
  [1m[35m (0.1ms)[0m  [1m[35mCOMMIT[0m
  [1m[35mSQL (0.4ms)[0m  [1m[35mCREATE EXTENSION IF NOT EXISTS "plpgsql"[0m
  [1m[35m (1.1ms)[0m  [1m[35mDROP TABLE IF EXISTS "articles" CASCADE[0m
  [1m[35m (13.3ms)[0m  [1m[35mCREATE TABLE "articles" ("id" bigserial primary key, "title" character varying NOT NULL, "url" text NOT NULL, "description" text, "created_at" timestamp NOT NULL, "updated_at" timestamp NOT NULL)[0m
  [1m[35m (6.3ms)[0m  [1m[35mCREATE TABLE "schema_migrations" ("version" character varying NOT NULL PRIMARY KEY)[0m
  [1m[35m (1.3ms)[0m  [1m[34mSELECT "schema_migrations"."version" FROM "schema_migrations" ORDER BY "schema_migrations"."version" ASC[0m
  [1m[35m (0.9ms)[0m  [1m[32mINSERT INTO "schema_migrations" (version) VALUES (20170405142139)[0m
  [1m[35m (3.4ms)[0m  [1m[35mCREATE TABLE "ar_internal_metadata" ("key" character varying NOT NULL PRIMARY KEY, "value" character varying, "created_at" timestamp NOT NULL, "updated_at" timestamp NOT NULL)[0m
  [1m[36mActiveRecord::InternalMetadata Load (1.2ms)[0m  [1m[34mSELECT  "ar_internal_metadata".* FROM "ar_internal_metadata" WHERE "ar_internal_metadata"."key" = $1 LIMIT $2[0m  [["key", "environment"], ["LIMIT", 1]]
  [1m[35m (0.3ms)[0m  [1m[35mBEGIN[0m
  [1m[36mActiveRecord::InternalMetadata Create (1.1ms)[0m  [1m[32mINSERT INTO "ar_internal_metadata" ("key", "value", "created_at", "updated_at") VALUES ($1, $2, $3, $4) RETURNING "key"[0m  [["key", "environment"], ["value", "development"], ["created_at", "2019-10-06 20:26:54.752360"], ["updated_at", "2019-10-06 20:26:54.752360"]]
  [1m[35m (3.7ms)[0m  [1m[35mCOMMIT[0m
  [1m[36mActiveRecord::InternalMetadata Load (0.4ms)[0m  [1m[34mSELECT  "ar_internal_metadata".* FROM "ar_internal_metadata" WHERE "ar_internal_metadata"."key" = $1 LIMIT $2[0m  [["key", "environment"], ["LIMIT", 1]]
  [1m[35m (0.2ms)[0m  [1m[35mBEGIN[0m
  [1m[36mActiveRecord::InternalMetadata Update (0.5ms)[0m  [1m[33mUPDATE "ar_internal_metadata" SET "value" = $1, "updated_at" = $2 WHERE "ar_internal_metadata"."key" = $3[0m  [["value", "test"], ["updated_at", "2019-10-06 20:26:54.761679"], ["key", "environment"]]
  [1m[35m (0.3ms)[0m  [1m[35mCOMMIT[0m
  [1m[35m (1.0ms)[0m  [1m[34mSELECT "schema_migrations"."version" FROM "schema_migrations" ORDER BY "schema_migrations"."version" ASC[0m
  [1m[36mArticle Load (0.8ms)[0m  [1m[34mSELECT  "articles".* FROM "articles" WHERE "articles"."title" = $1 LIMIT $2[0m  [["title", "Why does Ember.js rock?"], ["LIMIT", 1]]
  [1m[35m (0.2ms)[0m  [1m[35mBEGIN[0m
  [1m[36mArticle Create (0.9ms)[0m  [1m[32mINSERT INTO "articles" ("title", "url", "description", "created_at", "updated_at") VALUES ($1, $2, $3, $4, $5) RETURNING "id"[0m  [["title", "Why does Ember.js rock?"], ["url", "https://kerricklong.com/articles/why-ember-js-rocks.html"], ["description", "Ember.js is a MVC (Model – View – Controller) JavaScript framework which is maintained by the Ember Core Team (including Tom Dale, Yehuda Katz, and others). It helps developers create ambitious single-page web applications that don't sacrifice what makes the web great: URI semantics, RESTful architecture, and the write-once, run-anywhere trio of HTML, CSS, and JavaScript."], ["created_at", "2019-10-06 20:26:54.815179"], ["updated_at", "2019-10-06 20:26:54.815179"]]
  [1m[35m (0.4ms)[0m  [1m[35mCOMMIT[0m
  [1m[36mArticle Load (0.4ms)[0m  [1m[34mSELECT  "articles".* FROM "articles" WHERE "articles"."title" = $1 LIMIT $2[0m  [["title", "Mozilla Playdoh"], ["LIMIT", 1]]
  [1m[35m (0.1ms)[0m  [1m[35mBEGIN[0m
  [1m[36mArticle Create (0.3ms)[0m  [1m[32mINSERT INTO "articles" ("title", "url", "description", "created_at", "updated_at") VALUES ($1, $2, $3, $4, $5) RETURNING "id"[0m  [["title", "Mozilla Playdoh"], ["url", "http://playdoh.readthedocs.org/en/latest/"], ["description", "Mozilla's Playdoh is a web application template based on Django. Django is a high-level Python Web framework that encourages rapid development and clean, pragmatic design. Playdoh is simply a pre-configured Django project that adds some essential modules and middleware."], ["created_at", "2019-10-06 20:26:54.818793"], ["updated_at", "2019-10-06 20:26:54.818793"]]
  [1m[35m (0.4ms)[0m  [1m[35mCOMMIT[0m
  [1m[36mArticle Load (0.3ms)[0m  [1m[34mSELECT  "articles".* FROM "articles" WHERE "articles"."title" = $1 LIMIT $2[0m  [["title", "Gigablast Search Engine, Now Open Source (C/C++)"], ["LIMIT", 1]]
  [1m[35m (0.1ms)[0m  [1m[35mBEGIN[0m
  [1m[36mArticle Create (0.3ms)[0m  [1m[32mINSERT INTO "articles" ("title", "url", "description", "created_at", "updated_at") VALUES ($1, $2, $3, $4, $5) RETURNING "id"[0m  [["title", "Gigablast Search Engine, Now Open Source (C/C++)"], ["url", "https://www.gigablast.com/"], ["description", "Gigablast is the first truly transparent search engine. It tells you exactly why the search results are ranked the way they are. There is nothing left to the imagination."], ["created_at", "2019-10-06 20:26:54.821650"], ["updated_at", "2019-10-06 20:26:54.821650"]]
  [1m[35m (0.4ms)[0m  [1m[35mCOMMIT[0m
  [1m[36mArticle Load (0.3ms)[0m  [1m[34mSELECT  "articles".* FROM "articles" WHERE "articles"."title" = $1 LIMIT $2[0m  [["title", "Node.js Deployments with Docker, Dokku, & Digital Ocean"], ["LIMIT", 1]]
  [1m[35m (0.1ms)[0m  [1m[35mBEGIN[0m
  [1m[36mArticle Create (0.4ms)[0m  [1m[32mINSERT INTO "articles" ("title", "url", "description", "created_at", "updated_at") VALUES ($1, $2, $3, $4, $5) RETURNING "id"[0m  [["title", "Node.js Deployments with Docker, Dokku, & Digital Ocean"], ["url", "https://medium.com/code-adventures/438bce155dcb"], ["description", "DigitalOcean is a really nice cloud hosting company that offers excellent performance at affordable rates. Docker is an abstraction on top of LXC Containers. Docker introduces a workflow that makes operating containers straightforward and lots of fun. If you want to learn more about docker I suggest you read this article. Dokku is a tiny program that allows you to easily deploy your applications. It was built by progrium (from localtunnel) on top of docker, Buildstep, gitreceive, pluginhook, nginx, Heroku BuildPacks,& sshcommand."], ["created_at", "2019-10-06 20:26:54.824405"], ["updated_at", "2019-10-06 20:26:54.824405"]]
  [1m[35m (0.4ms)[0m  [1m[35mCOMMIT[0m
  [1m[36mArticle Load (0.3ms)[0m  [1m[34mSELECT  "articles".* FROM "articles" WHERE "articles"."title" = $1 LIMIT $2[0m  [["title", "Build a Blog Engine in Go"], ["LIMIT", 1]]
  [1m[35m (0.1ms)[0m  [1m[35mBEGIN[0m
  [1m[36mArticle Create (0.4ms)[0m  [1m[32mINSERT INTO "articles" ("title", "url", "description", "created_at", "updated_at") VALUES ($1, $2, $3, $4, $5) RETURNING "id"[0m  [["title", "Build a Blog Engine in Go"], ["url", "http://0value.com/build-a-blog-engine-in-Go"], ["description", "A static blog generator in Go. It’s called trofaf because that’s its name. Get this: it takes markdown files, reads some YAML front matter, and generates good ol’ HTML files. I can already smell the Nobel. Anyway, the goal of this post is not to brag about the novelty of the thing, but to show how easy it is to get this done with Go’s rich standard library and some fine userland packages."], ["created_at", "2019-10-06 20:26:54.827174"], ["updated_at", "2019-10-06 20:26:54.827174"]]
  [1m[35m (0.4ms)[0m  [1m[35mCOMMIT[0m
Started GET "/articles/2" for 127.0.0.1 at 2019-10-06 16:27:59 -0400
  [1m[35m (0.9ms)[0m  [1m[34mSELECT "schema_migrations"."version" FROM "schema_migrations" ORDER BY "schema_migrations"."version" ASC[0m
Processing by ArticlesController#show as HTML
  Parameters: {"id"=>"2"}
  [1m[36mArticle Load (0.5ms)[0m  [1m[34mSELECT  "articles".* FROM "articles" WHERE "articles"."id" = $1 LIMIT $2[0m  [["id", 2], ["LIMIT", 1]]
  Rendering articles/show.html.erb within layouts/application
  Rendered articles/show.html.erb within layouts/application (8.6ms)
Completed 200 OK in 447ms (Views: 427.7ms | ActiveRecord: 6.6ms)


Started GET "/" for 127.0.0.1 at 2019-10-06 16:28:03 -0400
Processing by ArticlesController#index as HTML
  Rendering articles/index.html.erb within layouts/application
  [1m[36mArticle Load (0.8ms)[0m  [1m[34mSELECT "articles".* FROM "articles"[0m
  Rendered articles/index.html.erb within layouts/application (3.0ms)
Completed 200 OK in 33ms (Views: 27.6ms | ActiveRecord: 0.8ms)


Started GET "/articles/new" for 127.0.0.1 at 2019-10-06 16:30:17 -0400
Processing by ArticlesController#new as HTML
  Rendering articles/new.html.erb within layouts/application
  Rendered articles/new.html.erb within layouts/application (19.6ms)
Completed 200 OK in 55ms (Views: 50.7ms | ActiveRecord: 0.0ms)


Started POST "/articles" for 127.0.0.1 at 2019-10-06 16:31:35 -0400
Processing by ArticlesController#create as */*
  Parameters: {"article"=>{"title"=>"hello", "url"=>"http://example.com", "description"=>"blarg!"}}
  [1m[35m (0.3ms)[0m  [1m[35mBEGIN[0m
  [1m[36mArticle Create (0.7ms)[0m  [1m[32mINSERT INTO "articles" ("title", "url", "description", "created_at", "updated_at") VALUES ($1, $2, $3, $4, $5) RETURNING "id"[0m  [["title", "hello"], ["url", "http://example.com"], ["description", "blarg!"], ["created_at", "2019-10-06 20:31:35.056048"], ["updated_at", "2019-10-06 20:31:35.056048"]]
  [1m[35m (1.2ms)[0m  [1m[35mCOMMIT[0m
Redirected to http://localhost:3000/articles/6
Completed 302 Found in 26ms (ActiveRecord: 14.0ms)


Started GET "/articles" for 127.0.0.1 at 2019-10-06 16:32:38 -0400
Processing by ArticlesController#index as HTML
  Rendering articles/index.html.erb within layouts/application
  [1m[36mArticle Load (0.5ms)[0m  [1m[34mSELECT "articles".* FROM "articles"[0m
  Rendered articles/index.html.erb within layouts/application (2.5ms)
Completed 200 OK in 47ms (Views: 41.8ms | ActiveRecord: 0.5ms)


Started POST "/articles" for 127.0.0.1 at 2019-10-06 16:33:25 -0400
Processing by ArticlesController#create as */*
  Parameters: {"article"=>{"title"=>"llleeeleeee", "url"=>"http://example.com", "description"=>"blarg!"}}
  [1m[35m (0.3ms)[0m  [1m[35mBEGIN[0m
  [1m[36mArticle Create (0.5ms)[0m  [1m[32mINSERT INTO "articles" ("title", "url", "description", "created_at", "updated_at") VALUES ($1, $2, $3, $4, $5) RETURNING "id"[0m  [["title", "llleeeleeee"], ["url", "http://example.com"], ["description", "blarg!"], ["created_at", "2019-10-06 20:33:25.225637"], ["updated_at", "2019-10-06 20:33:25.225637"]]
  [1m[35m (0.7ms)[0m  [1m[35mCOMMIT[0m
Redirected to http://localhost:3000/articles/7
Completed 302 Found in 4ms (ActiveRecord: 1.5ms)


Started GET "/articles" for 127.0.0.1 at 2019-10-06 16:33:29 -0400
Processing by ArticlesController#index as HTML
  Rendering articles/index.html.erb within layouts/application
  [1m[36mArticle Load (0.3ms)[0m  [1m[34mSELECT "articles".* FROM "articles"[0m
  Rendered articles/index.html.erb within layouts/application (1.7ms)
Completed 200 OK in 23ms (Views: 19.6ms | ActiveRecord: 0.3ms)


Started GET "/articles/7" for 127.0.0.1 at 2019-10-06 16:34:00 -0400
Processing by ArticlesController#show as */*
  Parameters: {"id"=>"7"}
  [1m[36mArticle Load (0.8ms)[0m  [1m[34mSELECT  "articles".* FROM "articles" WHERE "articles"."id" = $1 LIMIT $2[0m  [["id", 7], ["LIMIT", 1]]
  Rendering articles/show.html.erb within layouts/application
  Rendered articles/show.html.erb within layouts/application (0.6ms)
Completed 200 OK in 61ms (Views: 29.9ms | ActiveRecord: 0.8ms)


Started GET "/articles/8" for 127.0.0.1 at 2019-10-06 16:34:23 -0400
Processing by ArticlesController#show as */*
  Parameters: {"id"=>"8"}
  [1m[36mArticle Load (0.5ms)[0m  [1m[34mSELECT  "articles".* FROM "articles" WHERE "articles"."id" = $1 LIMIT $2[0m  [["id", 8], ["LIMIT", 1]]
Completed 404 Not Found in 1ms (ActiveRecord: 0.5ms)


  
ActiveRecord::RecordNotFound (Couldn't find Article with 'id'=8):
  
app/controllers/articles_controller.rb:10:in `show'
